{"level":"info","message":"[REQUEST] POST /login \n[RESPONSE] 200 {\"success\":true,\"token\":\"eyJhbGciOiJIUzI1NiIsInR5cCI6IkpXVCJ9.eyJpZCI6IjY1OWQxNjE3ZTk5ZjYxZTcyMTAzMGI5MCIsInVzZXJuYW1lIjoic3dhamVldCIsImlhdCI6MTcwNDg3MzMwNywiZXhwIjoxNzA0ODc2OTA3fQ.MqKgrapVzYijSkuCsbEKBHX992Wn3H_o7ciG8CJ5qgk\",\"message\":\"Login successful\"}","timestamp":"2024-01-10T07:55:07.206Z"}
{"level":"info","message":"POST 200 ::1 ::1 231.787 /login :[request][body] {\"username\":\"swajeet\",\"password\":\"swajeet@45\"} :[response][body]","timestamp":"2024-01-10T07:55:07.216Z"}
{"level":"info","message":"[REQUEST] POST /login \n[RESPONSE] 200 {\"success\":true,\"token\":\"eyJhbGciOiJIUzI1NiIsInR5cCI6IkpXVCJ9.eyJpZCI6IjY1OWQxNjE3ZTk5ZjYxZTcyMTAzMGI5MCIsInVzZXJuYW1lIjoic3dhamVldCIsImlhdCI6MTcwNDg3MzMyOCwiZXhwIjoxNzA0ODc2OTI4fQ.pcgI09rp_kyRUc0joEp5XtpXQOuPPFweqZJAgV9NybI\",\"message\":\"Login successful\"}","timestamp":"2024-01-10T07:55:28.568Z"}
{"level":"info","message":"POST 200 ::1 ::1 217.234 /login :[request][body] {\"username\":\"swajeet\",\"password\":\"swajeet@45\"} :[response][body]","timestamp":"2024-01-10T07:55:28.571Z"}
{"level":"info","message":"[REQUEST] POST /login \n[RESPONSE] 200 {\"success\":true,\"token\":\"eyJhbGciOiJIUzI1NiIsInR5cCI6IkpXVCJ9.eyJpZCI6IjY1OWQxNjE3ZTk5ZjYxZTcyMTAzMGI5MCIsInVzZXJuYW1lIjoic3dhamVldCIsImlhdCI6MTcwNDg3MzQwMSwiZXhwIjoxNzA0ODc3MDAxfQ.ScQHj3_aO2Ki5UQ-anG5uuYGoej1IsmwfCWDH1fqnng\",\"message\":\"Login successful\"}","timestamp":"2024-01-10T07:56:41.724Z"}
{"level":"info","message":"POST 200 ::1 ::1 229.390 /login :[request][body] {\"username\":\"swajeet\",\"password\":\"swajeet@45\"} :[response][body]","timestamp":"2024-01-10T07:56:41.736Z"}
{"level":"info","message":"[REQUEST] POST /login \n[RESPONSE] 200 {\"success\":true,\"token\":\"eyJhbGciOiJIUzI1NiIsInR5cCI6IkpXVCJ9.eyJpZCI6IjY1OWQxNjE3ZTk5ZjYxZTcyMTAzMGI5MCIsInVzZXJuYW1lIjoic3dhamVldCIsImlhdCI6MTcwNDg3Mzc4MCwiZXhwIjoxNzA0ODc3MzgwfQ.JrD4oV-0DCt71AxXEJCndR8AUuGcVl2sC2AZBDJW-ik\",\"message\":\"Login successful\"}","timestamp":"2024-01-10T08:03:00.300Z"}
{"level":"info","message":"POST 200 ::1 ::1 189.105 /login :[request][body] {\"username\":\"swajeet\",\"password\":\"swajeet@45\"} :[response][body]","timestamp":"2024-01-10T08:03:00.302Z"}
{"level":"info","message":"[REQUEST] POST /login {\"username\":\"swajeet\",\"password\":\"swajeet@45\"}\n[RESPONSE] 200 {\"success\":true,\"token\":\"eyJhbGciOiJIUzI1NiIsInR5cCI6IkpXVCJ9.eyJpZCI6IjY1OWQxNjE3ZTk5ZjYxZTcyMTAzMGI5MCIsInVzZXJuYW1lIjoic3dhamVldCIsImlhdCI6MTcwNDg3NjU2NSwiZXhwIjoxNzA0ODgwMTY1fQ.9JY33nrFVcmx37nTdr8u_j4Ao-n69QRumY2_Lwtm0KE\",\"message\":\"Login successful\"}","timestamp":"2024-01-10T08:49:25.290Z"}
{"level":"info","message":"POST 200 ::1 ::1 225.638 /login :[request][body] {\"username\":\"swajeet\",\"password\":\"swajeet@45\"} :[response][body]","timestamp":"2024-01-10T08:49:25.301Z"}
{"level":"info","message":"[REQUEST] POST /login {\"username\":\"swajeet\",\"password\":\"swajeet@45\"}\n[RESPONSE] 200 {\"success\":true,\"token\":\"eyJhbGciOiJIUzI1NiIsInR5cCI6IkpXVCJ9.eyJpZCI6IjY1OWQxNjE3ZTk5ZjYxZTcyMTAzMGI5MCIsInVzZXJuYW1lIjoic3dhamVldCIsImlhdCI6MTcwNDg3NjYyNSwiZXhwIjoxNzA0ODgwMjI1fQ.NLVhUgniPVFv5-QGkxUvBktZsnmQUHT32bok26xpYJQ\",\"message\":\"Login successful\"}","timestamp":"2024-01-10T08:50:25.632Z"}
{"level":"info","message":"[REQUEST] POST /login {\"username\":\"swajeet\",\"password\":\"swajeet@45\"}\n[RESPONSE] 200 {\"success\":true,\"token\":\"eyJhbGciOiJIUzI1NiIsInR5cCI6IkpXVCJ9.eyJpZCI6IjY1OWQxNjE3ZTk5ZjYxZTcyMTAzMGI5MCIsInVzZXJuYW1lIjoic3dhamVldCIsImlhdCI6MTcwNDg3Njc1MiwiZXhwIjoxNzA0ODgwMzUyfQ.C29r5RadrPpiSAkLfhvRi4UlPZOyw2F4fNVMgtALXFs\",\"message\":\"Login successful\"}","timestamp":"2024-01-10T08:52:32.392Z"}
{"level":"info","message":"[REQUEST] POST /register {\"username\":\"abcd\",\"email\":\"abcd@gmail.com\",\"password\":\"abcd@1234\"}\n[RESPONSE] 200 {\"username\":\"abcd\",\"email\":\"abcd@gmail.com\",\"password\":\"$2b$10$QwisyvY2rDQblt.LV5sPgeEIGTFvnDoEks.pRNUzynUhb3c3eD23e\",\"_id\":\"659e5c49517f44836e077b72\",\"__v\":0}","timestamp":"2024-01-10T08:58:49.307Z"}
{"level":"info","message":"[REQUEST] POST /register {\"username\":\"abcd\",\"password\":\"abcd@1234\"}\n[RESPONSE] 500 {\"status\":false,\"message\":\"Internal Server Error\"}","timestamp":"2024-01-10T09:47:06.797Z"}
{"level":"info","message":"[REQUEST] POST /register {\"username\":\"abcd\",\"password\":\"abcd@1234\"}\n[RESPONSE] 500 {\"status\":false,\"message\":\"Internal Server Error\"}","timestamp":"2024-01-10T09:48:10.483Z"}
{"level":"info","message":"[REQUEST] POST /login {\"username\":\"abcd\",\"password\":\"abcd@1234\"}\n[RESPONSE] 200 {\"success\":true,\"token\":\"eyJhbGciOiJIUzI1NiIsInR5cCI6IkpXVCJ9.eyJpZCI6IjY1OWU1YzQ5NTE3ZjQ0ODM2ZTA3N2I3MiIsInVzZXJuYW1lIjoiYWJjZCIsImlhdCI6MTcwNDg4MDEwMywiZXhwIjoxNzA0ODgzNzAzfQ.Xg0yzroDHIVJX5VxJBPgBoWI5-qGtlbP-c3dBlc2tXo\",\"message\":\"Login successful\"}","timestamp":"2024-01-10T09:48:23.904Z"}
{"level":"info","message":"[REQUEST] POST /login {\"username\":\"abcd\",\"password\":\"abcd@1234\"}\n[RESPONSE] 200 {\"success\":true,\"token\":\"eyJhbGciOiJIUzI1NiIsInR5cCI6IkpXVCJ9.eyJpZCI6IjY1OWU1YzQ5NTE3ZjQ0ODM2ZTA3N2I3MiIsInVzZXJuYW1lIjoiYWJjZCIsImlhdCI6MTcwNDg4MDEzNCwiZXhwIjoxNzA0ODgzNzM0fQ.dV9gk2yFHt1peYNGI9B87haP_ZK_H5lfT4y06UG1_3I\",\"message\":\"Login successful\"}","timestamp":"2024-01-10T09:48:55.023Z"}
{"level":"info","message":"[REQUEST] POST /login {\"username\":\"abcd\",\"password\":\"abcd@1234\"}\n[RESPONSE] 200 {\"success\":true,\"token\":\"eyJhbGciOiJIUzI1NiIsInR5cCI6IkpXVCJ9.eyJpZCI6IjY1OWU1YzQ5NTE3ZjQ0ODM2ZTA3N2I3MiIsInVzZXJuYW1lIjoiYWJjZCIsImlhdCI6MTcwNDg4MDYyNiwiZXhwIjoxNzA0ODg0MjI2fQ.weyneGOzo5ssaUTLruZq2MKTkZ1BA7Z2UblSlz7byGY\",\"message\":\"Login successful\"}","timestamp":"2024-01-10T09:57:06.685Z"}
{"level":"info","message":"[REQUEST] GET /api/failing-endpoint {}\n[RESPONSE] 500 <h1>Intentional error</h1>\n<h2></h2>\n<pre>Error: Intentional error\n    at C:\\Users\\Alkesh Khedekar\\Desktop\\chatapp1\\chatapp1\\routes\\authRoutes.js:50:11\n    at Layer.handle [as handle_request] (C:\\Users\\Alkesh Khedekar\\Desktop\\chatapp1\\chatapp1\\node_modules\\express\\lib\\router\\layer.js:95:5)\n    at next (C:\\Users\\Alkesh Khedekar\\Desktop\\chatapp1\\chatapp1\\node_modules\\express\\lib\\router\\route.js:137:13)\n    at Route.dispatch (C:\\Users\\Alkesh Khedekar\\Desktop\\chatapp1\\chatapp1\\node_modules\\express\\lib\\router\\route.js:112:3)\n    at Layer.handle [as handle_request] (C:\\Users\\Alkesh Khedekar\\Desktop\\chatapp1\\chatapp1\\node_modules\\express\\lib\\router\\layer.js:95:5)\n    at C:\\Users\\Alkesh Khedekar\\Desktop\\chatapp1\\chatapp1\\node_modules\\express\\lib\\router\\index.js:281:22\n    at Function.process_params (C:\\Users\\Alkesh Khedekar\\Desktop\\chatapp1\\chatapp1\\node_modules\\express\\lib\\router\\index.js:335:12)\n    at next (C:\\Users\\Alkesh Khedekar\\Desktop\\chatapp1\\chatapp1\\node_modules\\express\\lib\\router\\index.js:275:10)\n    at Function.handle (C:\\Users\\Alkesh Khedekar\\Desktop\\chatapp1\\chatapp1\\node_modules\\express\\lib\\router\\index.js:174:3)\n    at router (C:\\Users\\Alkesh Khedekar\\Desktop\\chatapp1\\chatapp1\\node_modules\\express\\lib\\router\\index.js:47:12)</pre>","timestamp":"2024-01-10T11:13:55.599Z"}
{"level":"info","message":"[REQUEST] POST /sendmail {}\n[RESPONSE] 500 {\"error\":\"Internal Server Error\"}","timestamp":"2024-01-10T12:36:36.508Z"}
{"level":"info","message":"[REQUEST] POST /sendmail {}\n[RESPONSE] 200 {\"success\":\" email sent successfully\"}","timestamp":"2024-01-10T12:39:25.270Z"}
{"level":"info","message":"[REQUEST] POST /login {\"username\":\"abcd\",\"password\":\"abcd@1234\"}\n[RESPONSE] 200 {\"success\":true,\"token\":\"eyJhbGciOiJIUzI1NiIsInR5cCI6IkpXVCJ9.eyJpZCI6IjY1OWU1YzQ5NTE3ZjQ0ODM2ZTA3N2I3MiIsInVzZXJuYW1lIjoiYWJjZCIsImlhdCI6MTcwNDg5MTkxNSwiZXhwIjoxNzA0ODk1NTE1fQ.Sl2ZxazUg_k7rw7NuyLtXo3aIWQIHdy0SrXAjp7Vhjk\",\"message\":\"Login successful\"}","timestamp":"2024-01-10T13:05:15.139Z"}
{"level":"info","message":"[REQUEST] GET /profile {}\n[RESPONSE] 200 {\"username\":\"abcd\",\"email\":\"abcd@gmail.com\"}","timestamp":"2024-01-10T13:05:29.286Z"}
{"level":"info","message":"[REQUEST] POST /logout {\"userId\":\"659e5c49517f44836e077b72\"}\n[RESPONSE] 200 {\"success\":true,\"message\":\"Logout Sucessfully\"}","timestamp":"2024-01-10T13:09:16.280Z"}
{"level":"info","message":"[REQUEST] GET /readData {}\n[RESPONSE] 500 {\"success\":false,\"message\":\"Error importing data\"}","timestamp":"2024-01-11T07:41:35.063Z"}
{"level":"info","message":"[REQUEST] GET /readData {}\n[RESPONSE] 500 {\"status\":false,\"message\":\"Internal Server Error\"}","timestamp":"2024-01-11T07:45:40.801Z"}
{"level":"info","message":"[REQUEST] GET /readData {}\n[RESPONSE] 500 {\"success\":false,\"message\":\"Error importing data\"}","timestamp":"2024-01-11T07:46:58.617Z"}
{"level":"info","message":"[REQUEST] GET /readData {}\n[RESPONSE] 500 {\"success\":false,\"message\":\"Error importing data\"}","timestamp":"2024-01-11T07:52:18.109Z"}
{"level":"info","message":"[REQUEST] GET /readData {}\n[RESPONSE] 200 {\"success\":true,\"message\":\"Data imported Successfully\"}","timestamp":"2024-01-11T07:58:57.362Z"}
{"level":"info","message":"[REQUEST] GET /getDataById/659f9fa8a8c972640e76fb7d {}\n[RESPONSE] 404 <h1>Not Found</h1>\n<h2>404</h2>\n<pre>NotFoundError: Not Found\n    at C:\\Users\\Alkesh Khedekar\\Desktop\\chatapp1\\chatapp1\\app.js:57:8\n    at Layer.handle [as handle_request] (C:\\Users\\Alkesh Khedekar\\Desktop\\chatapp1\\chatapp1\\node_modules\\express\\lib\\router\\layer.js:95:5)\n    at trim_prefix (C:\\Users\\Alkesh Khedekar\\Desktop\\chatapp1\\chatapp1\\node_modules\\express\\lib\\router\\index.js:317:13)\n    at C:\\Users\\Alkesh Khedekar\\Desktop\\chatapp1\\chatapp1\\node_modules\\express\\lib\\router\\index.js:284:7\n    at Function.process_params (C:\\Users\\Alkesh Khedekar\\Desktop\\chatapp1\\chatapp1\\node_modules\\express\\lib\\router\\index.js:335:12)\n    at next (C:\\Users\\Alkesh Khedekar\\Desktop\\chatapp1\\chatapp1\\node_modules\\express\\lib\\router\\index.js:275:10)\n    at C:\\Users\\Alkesh Khedekar\\Desktop\\chatapp1\\chatapp1\\node_modules\\express\\lib\\router\\index.js:635:15\n    at next (C:\\Users\\Alkesh Khedekar\\Desktop\\chatapp1\\chatapp1\\node_modules\\express\\lib\\router\\index.js:260:14)\n    at Function.handle (C:\\Users\\Alkesh Khedekar\\Desktop\\chatapp1\\chatapp1\\node_modules\\express\\lib\\router\\index.js:174:3)\n    at router (C:\\Users\\Alkesh Khedekar\\Desktop\\chatapp1\\chatapp1\\node_modules\\express\\lib\\router\\index.js:47:12)</pre>","timestamp":"2024-01-11T09:33:28.028Z"}
{"level":"info","message":"[REQUEST] GET /getDataById/659f9fa8a8c972640e76fb7d {}\n[RESPONSE] 500 {\"status\":false,\"message\":\"Internal Server Error\"}","timestamp":"2024-01-11T09:36:53.938Z"}
{"level":"info","message":"[REQUEST] GET /getDataById/659f9fa8a8c972640e76fb7d {}\n[RESPONSE] 500 {\"status\":false,\"message\":\"Internal Server Error\"}","timestamp":"2024-01-11T09:41:03.882Z"}
{"level":"info","message":"[REQUEST] GET /getDataById/659f9fa8a8c972640e76fb7d {}\n[RESPONSE] 500 {\"status\":false,\"message\":\"Internal Server Error\"}","timestamp":"2024-01-11T09:47:46.352Z"}
{"level":"info","message":"[REQUEST] GET /getDataById/659f9fa8a8c972640e76fb7d {}\n[RESPONSE] 500 {\"_id\":\"659f9fa8a8c972640e76fb7d\",\"id\":49766,\"serviceid\":\"4217\",\"servicecode\":\"\",\"servicename\":\"Additional Payment_38280\",\"dated\":\"44471.723453819446\",\"limsid\":8,\"LimsIdServiceId\":\"8_4217\",\"IsActive\":true,\"CreatedDate\":\"44471.723453819446\",\"IsAgeBasedRestriction\":false,\"IsAppRegistrationAllow\":false,\"IsB2BSpecificService\":false,\"IsConsentFormAvailable\":false,\"IsPackage\":false,\"IsPopularPackage\":false,\"IsShowInDOS\":false,\"ServiceType\":\"C\",\"ServiceImage\":\"\",\"OrderingInfo\":\"\",\"PatientPreparation\":\"\",\"Reported\":\"\",\"ClinicalReference\":\"\",\"ServiceClassification\":\"\",\"Methodology\":\"\",\"Collect\":\"\",\"SpecimenPreparation\":\"\",\"SpecimenVolume\":\"\",\"StorageTemperature\":\"\",\"Notes\":\"\",\"Limitation\":\"\",\"BranchIdList\":\",1,106,49,117,118,120,121,122,123,124,125,126,127,128,119,\",\"ServiceImage1\":\"\",\"ServiceImage2\":\"\",\"ServiceDescription\":\"\",\"__v\":0}","timestamp":"2024-01-11T09:49:38.245Z"}
{"level":"info","message":"[REQUEST] GET /getDataById/659f9fa8a8c972640e76fb7d {}\n[RESPONSE] 500 {\"_id\":\"659f9fa8a8c972640e76fb7d\",\"id\":49766,\"serviceid\":\"4217\",\"servicecode\":\"\",\"servicename\":\"Additional Payment_38280\",\"dated\":\"44471.723453819446\",\"limsid\":8,\"LimsIdServiceId\":\"8_4217\",\"IsActive\":true,\"CreatedDate\":\"44471.723453819446\",\"IsAgeBasedRestriction\":false,\"IsAppRegistrationAllow\":false,\"IsB2BSpecificService\":false,\"IsConsentFormAvailable\":false,\"IsPackage\":false,\"IsPopularPackage\":false,\"IsShowInDOS\":false,\"ServiceType\":\"C\",\"ServiceImage\":\"\",\"OrderingInfo\":\"\",\"PatientPreparation\":\"\",\"Reported\":\"\",\"ClinicalReference\":\"\",\"ServiceClassification\":\"\",\"Methodology\":\"\",\"Collect\":\"\",\"SpecimenPreparation\":\"\",\"SpecimenVolume\":\"\",\"StorageTemperature\":\"\",\"Notes\":\"\",\"Limitation\":\"\",\"BranchIdList\":\",1,106,49,117,118,120,121,122,123,124,125,126,127,128,119,\",\"ServiceImage1\":\"\",\"ServiceImage2\":\"\",\"ServiceDescription\":\"\",\"__v\":0}","timestamp":"2024-01-11T09:50:43.527Z"}
{"level":"info","message":"[REQUEST] GET /getDataById/659f9fa8a8c972640e76fb7d {}\n[RESPONSE] 200 {\"_id\":\"659f9fa8a8c972640e76fb7d\",\"id\":49766,\"serviceid\":\"4217\",\"servicecode\":\"\",\"servicename\":\"Additional Payment_38280\",\"dated\":\"44471.723453819446\",\"limsid\":8,\"LimsIdServiceId\":\"8_4217\",\"IsActive\":true,\"CreatedDate\":\"44471.723453819446\",\"IsAgeBasedRestriction\":false,\"IsAppRegistrationAllow\":false,\"IsB2BSpecificService\":false,\"IsConsentFormAvailable\":false,\"IsPackage\":false,\"IsPopularPackage\":false,\"IsShowInDOS\":false,\"ServiceType\":\"C\",\"ServiceImage\":\"\",\"OrderingInfo\":\"\",\"PatientPreparation\":\"\",\"Reported\":\"\",\"ClinicalReference\":\"\",\"ServiceClassification\":\"\",\"Methodology\":\"\",\"Collect\":\"\",\"SpecimenPreparation\":\"\",\"SpecimenVolume\":\"\",\"StorageTemperature\":\"\",\"Notes\":\"\",\"Limitation\":\"\",\"BranchIdList\":\",1,106,49,117,118,120,121,122,123,124,125,126,127,128,119,\",\"ServiceImage1\":\"\",\"ServiceImage2\":\"\",\"ServiceDescription\":\"\",\"__v\":0}","timestamp":"2024-01-11T09:51:38.648Z"}
{"level":"info","message":"[REQUEST] GET /getDataById/659f9fa8a8c972640e76fb7 {}\n[RESPONSE] 500 {\"status\":false,\"message\":\"Internal Server Error\"}","timestamp":"2024-01-11T09:59:49.289Z"}
{"level":"info","message":"[REQUEST] GET /getDataById/659f9fa8a8c972640e76fb7d {}\n[RESPONSE] 200 {\"_id\":\"659f9fa8a8c972640e76fb7d\",\"id\":49766,\"serviceid\":\"4217\",\"servicecode\":\"\",\"servicename\":\"Additional Payment_38280\",\"dated\":\"44471.723453819446\",\"limsid\":8,\"LimsIdServiceId\":\"8_4217\",\"IsActive\":true,\"CreatedDate\":\"44471.723453819446\",\"IsAgeBasedRestriction\":false,\"IsAppRegistrationAllow\":false,\"IsB2BSpecificService\":false,\"IsConsentFormAvailable\":false,\"IsPackage\":false,\"IsPopularPackage\":false,\"IsShowInDOS\":false,\"ServiceType\":\"C\",\"ServiceImage\":\"\",\"OrderingInfo\":\"\",\"PatientPreparation\":\"\",\"Reported\":\"\",\"ClinicalReference\":\"\",\"ServiceClassification\":\"\",\"Methodology\":\"\",\"Collect\":\"\",\"SpecimenPreparation\":\"\",\"SpecimenVolume\":\"\",\"StorageTemperature\":\"\",\"Notes\":\"\",\"Limitation\":\"\",\"BranchIdList\":\",1,106,49,117,118,120,121,122,123,124,125,126,127,128,119,\",\"ServiceImage1\":\"\",\"ServiceImage2\":\"\",\"ServiceDescription\":\"\",\"__v\":0}","timestamp":"2024-01-11T10:00:05.016Z"}
{"level":"info","message":"[REQUEST] GET /getDataById/659f9fa8a8c972640e76fb7d {}\n[RESPONSE] 200 {\"_id\":\"659f9fa8a8c972640e76fb7d\",\"id\":49766,\"serviceid\":\"4217\",\"servicecode\":\"\",\"servicename\":\"Additional Payment_38280\",\"dated\":\"44471.723453819446\",\"limsid\":8,\"LimsIdServiceId\":\"8_4217\",\"IsActive\":true,\"CreatedDate\":\"44471.723453819446\",\"IsAgeBasedRestriction\":false,\"IsAppRegistrationAllow\":false,\"IsB2BSpecificService\":false,\"IsConsentFormAvailable\":false,\"IsPackage\":false,\"IsPopularPackage\":false,\"IsShowInDOS\":false,\"ServiceType\":\"C\",\"ServiceImage\":\"\",\"OrderingInfo\":\"\",\"PatientPreparation\":\"\",\"Reported\":\"\",\"ClinicalReference\":\"\",\"ServiceClassification\":\"\",\"Methodology\":\"\",\"Collect\":\"\",\"SpecimenPreparation\":\"\",\"SpecimenVolume\":\"\",\"StorageTemperature\":\"\",\"Notes\":\"\",\"Limitation\":\"\",\"BranchIdList\":\",1,106,49,117,118,120,121,122,123,124,125,126,127,128,119,\",\"ServiceImage1\":\"\",\"ServiceImage2\":\"\",\"ServiceDescription\":\"\",\"__v\":0}","timestamp":"2024-01-11T10:02:08.783Z"}
{"level":"info","message":"[REQUEST] GET /getDataById/659f9fa8a8c972640e76fb7f {}\n[RESPONSE] 200 {\"_id\":\"659f9fa8a8c972640e76fb7f\",\"id\":49768,\"serviceid\":\"4219\",\"servicecode\":\"\",\"servicename\":\"Additional Payment_45300\",\"dated\":\"44471.72456967593\",\"limsid\":8,\"LimsIdServiceId\":\"8_4219\",\"IsActive\":true,\"CreatedDate\":\"44471.72456967593\",\"IsAgeBasedRestriction\":false,\"IsAppRegistrationAllow\":false,\"IsB2BSpecificService\":false,\"IsConsentFormAvailable\":false,\"IsPackage\":false,\"IsPopularPackage\":false,\"IsShowInDOS\":false,\"ServiceType\":\"C\",\"ServiceImage\":\"\",\"OrderingInfo\":\"\",\"PatientPreparation\":\"\",\"Reported\":\"\",\"ClinicalReference\":\"\",\"ServiceClassification\":\"\",\"Methodology\":\"\",\"Collect\":\"\",\"SpecimenPreparation\":\"\",\"SpecimenVolume\":\"\",\"StorageTemperature\":\"\",\"Notes\":\"\",\"Limitation\":\"\",\"BranchIdList\":\",1,106,49,117,118,120,121,122,123,124,125,126,127,128,119,\",\"ServiceImage1\":\"\",\"ServiceImage2\":\"\",\"ServiceDescription\":\"\",\"__v\":0}","timestamp":"2024-01-11T10:30:53.211Z"}
{"level":"info","message":"[REQUEST] GET /getDataById/659f9fa8a8c972640e76fb7e {}\n[RESPONSE] 200 {\"_id\":\"659f9fa8a8c972640e76fb7e\",\"id\":49767,\"serviceid\":\"4218\",\"servicecode\":\"\",\"servicename\":\"Additional Payment_33720\",\"dated\":\"44471.72421797839\",\"limsid\":8,\"LimsIdServiceId\":\"8_4218\",\"IsActive\":true,\"CreatedDate\":\"44471.72421797839\",\"IsAgeBasedRestriction\":false,\"IsAppRegistrationAllow\":false,\"IsB2BSpecificService\":false,\"IsConsentFormAvailable\":false,\"IsPackage\":false,\"IsPopularPackage\":false,\"IsShowInDOS\":false,\"ServiceType\":\"C\",\"ServiceImage\":\"\",\"OrderingInfo\":\"\",\"PatientPreparation\":\"\",\"Reported\":\"\",\"ClinicalReference\":\"\",\"ServiceClassification\":\"\",\"Methodology\":\"\",\"Collect\":\"\",\"SpecimenPreparation\":\"\",\"SpecimenVolume\":\"\",\"StorageTemperature\":\"\",\"Notes\":\"\",\"Limitation\":\"\",\"BranchIdList\":\",1,106,49,117,118,120,121,122,123,124,125,126,127,128,119,\",\"ServiceImage1\":\"\",\"ServiceImage2\":\"\",\"ServiceDescription\":\"\",\"__v\":0}","timestamp":"2024-01-11T10:31:03.726Z"}
{"level":"info","message":"[REQUEST] GET /getDataById/659f9fa8a8c972640e76fb7f {}\n[RESPONSE] 200 {\"_id\":\"659f9fa8a8c972640e76fb7f\",\"id\":49768,\"serviceid\":\"4219\",\"servicecode\":\"\",\"servicename\":\"Additional Payment_45300\",\"dated\":\"44471.72456967593\",\"limsid\":8,\"LimsIdServiceId\":\"8_4219\",\"IsActive\":true,\"CreatedDate\":\"44471.72456967593\",\"IsAgeBasedRestriction\":false,\"IsAppRegistrationAllow\":false,\"IsB2BSpecificService\":false,\"IsConsentFormAvailable\":false,\"IsPackage\":false,\"IsPopularPackage\":false,\"IsShowInDOS\":false,\"ServiceType\":\"C\",\"ServiceImage\":\"\",\"OrderingInfo\":\"\",\"PatientPreparation\":\"\",\"Reported\":\"\",\"ClinicalReference\":\"\",\"ServiceClassification\":\"\",\"Methodology\":\"\",\"Collect\":\"\",\"SpecimenPreparation\":\"\",\"SpecimenVolume\":\"\",\"StorageTemperature\":\"\",\"Notes\":\"\",\"Limitation\":\"\",\"BranchIdList\":\",1,106,49,117,118,120,121,122,123,124,125,126,127,128,119,\",\"ServiceImage1\":\"\",\"ServiceImage2\":\"\",\"ServiceDescription\":\"\",\"__v\":0}","timestamp":"2024-01-11T10:31:11.861Z"}
{"level":"info","message":"[REQUEST] GET /getDataById/659f9fa8a8c972640e76fb7c {}\n[RESPONSE] 200 {\"_id\":\"659f9fa8a8c972640e76fb7c\",\"id\":49765,\"serviceid\":\"4216\",\"servicecode\":\"\",\"servicename\":\"Additional Payment_9160\",\"dated\":\"44471.722994290125\",\"limsid\":8,\"LimsIdServiceId\":\"8_4216\",\"IsActive\":true,\"CreatedDate\":\"44471.722994290125\",\"IsAgeBasedRestriction\":false,\"IsAppRegistrationAllow\":false,\"IsB2BSpecificService\":false,\"IsConsentFormAvailable\":false,\"IsPackage\":false,\"IsPopularPackage\":false,\"IsShowInDOS\":false,\"ServiceType\":\"C\",\"ServiceImage\":\"\",\"OrderingInfo\":\"\",\"PatientPreparation\":\"\",\"Reported\":\"\",\"ClinicalReference\":\"\",\"ServiceClassification\":\"\",\"Methodology\":\"\",\"Collect\":\"\",\"SpecimenPreparation\":\"\",\"SpecimenVolume\":\"\",\"StorageTemperature\":\"\",\"Notes\":\"\",\"Limitation\":\"\",\"BranchIdList\":\",1,106,49,117,118,120,121,122,123,124,125,126,127,128,119,\",\"ServiceImage1\":\"\",\"ServiceImage2\":\"\",\"ServiceDescription\":\"\",\"__v\":0}","timestamp":"2024-01-11T10:31:26.899Z"}
{"level":"info","message":"[REQUEST] GET /getDataById/659f9fa8a8c972640e76fb71 {}\n[RESPONSE] 200","timestamp":"2024-01-11T10:31:38.196Z"}
{"level":"info","message":"[REQUEST] GET /getDataById/659f9fa8a8c972640e76fb71 {}\n[RESPONSE] 200","timestamp":"2024-01-11T10:31:50.777Z"}
{"level":"info","message":"[REQUEST] GET /getDataById/659f9fa8a8c972640e76fb71 {}\n[RESPONSE] 200 {\"success\":false,\"message\":\"user not found\"}","timestamp":"2024-01-11T10:33:54.758Z"}
{"level":"info","message":"[REQUEST] GET /getDataById/659f9fa8a8c972640e76fb71 {}\n[RESPONSE] 500 {\"status\":false,\"message\":\"Internal Server Error\"}","timestamp":"2024-01-11T10:35:12.252Z"}
{"level":"info","message":"[REQUEST] GET /getDataById/659f9fa8a8c972640e76fb71 {}\n[RESPONSE] 500 {\"status\":false,\"message\":\"Internal Server Error\"}","timestamp":"2024-01-11T10:35:36.077Z"}
{"level":"info","message":"[REQUEST] GET /getDataById/659f9fa8a8c972640e76fb71 {}\n[RESPONSE] 200 {\"success\":false,\"message\":\"User not found\"}","timestamp":"2024-01-11T10:37:44.640Z"}
{"level":"info","message":"[REQUEST] PUT /updateData/659f9fa8a8c972640e76fb7b {\"servicecode\":\"1\"}\n[RESPONSE] 500 {\"status\":false,\"message\":\"Internal Server Error\"}","timestamp":"2024-01-11T11:35:07.870Z"}
{"level":"info","message":"[REQUEST] PUT /updateData/659f9fa8a8c972640e76fb7b {\"servicecode\":\"1\"}\n[RESPONSE] 500 {\"success\":false,\"message\":\"Internal server error\"}","timestamp":"2024-01-11T11:46:12.566Z"}
{"level":"info","message":"[REQUEST] PUT /updateData/659f9fa8a8c972640e76fb7b {\"servicecode\":\"1\"}\n[RESPONSE] 200 {\"success\":true,\"message\":\"Data updated successfully\",\"data\":{\"_id\":\"659f9fa8a8c972640e76fb7b\",\"id\":49763,\"serviceid\":\"4214\",\"servicecode\":\"1\",\"servicename\":\"Additional Payment_384720\",\"dated\":\"44471.719483603396\",\"limsid\":8,\"LimsIdServiceId\":\"8_4214\",\"IsActive\":true,\"CreatedDate\":\"44471.719483603396\",\"IsAgeBasedRestriction\":false,\"IsAppRegistrationAllow\":false,\"IsB2BSpecificService\":false,\"IsConsentFormAvailable\":false,\"IsPackage\":false,\"IsPopularPackage\":false,\"IsShowInDOS\":false,\"ServiceType\":\"C\",\"ServiceImage\":\"\",\"OrderingInfo\":\"\",\"PatientPreparation\":\"\",\"Reported\":\"\",\"ClinicalReference\":\"\",\"ServiceClassification\":\"\",\"Methodology\":\"\",\"Collect\":\"\",\"SpecimenPreparation\":\"\",\"SpecimenVolume\":\"\",\"StorageTemperature\":\"\",\"Notes\":\"\",\"Limitation\":\"\",\"BranchIdList\":\",1,106,49,117,118,120,121,122,123,124,125,126,127,128,119,\",\"ServiceImage1\":\"\",\"ServiceImage2\":\"\",\"ServiceDescription\":\"\",\"__v\":0}}","timestamp":"2024-01-11T11:47:02.601Z"}
{"level":"info","message":"[REQUEST] DELETE /deleteData/659f9fa8a8c972640e76fb7b {}\n[RESPONSE] 200 {\"success\":true,\"message\":\"Document deleted successfully\",\"data\":{\"_id\":\"659f9fa8a8c972640e76fb7b\",\"id\":49763,\"serviceid\":\"4214\",\"servicecode\":\"1\",\"servicename\":\"Additional Payment_384720\",\"dated\":\"44471.719483603396\",\"limsid\":8,\"LimsIdServiceId\":\"8_4214\",\"IsActive\":true,\"CreatedDate\":\"44471.719483603396\",\"IsAgeBasedRestriction\":false,\"IsAppRegistrationAllow\":false,\"IsB2BSpecificService\":false,\"IsConsentFormAvailable\":false,\"IsPackage\":false,\"IsPopularPackage\":false,\"IsShowInDOS\":false,\"ServiceType\":\"C\",\"ServiceImage\":\"\",\"OrderingInfo\":\"\",\"PatientPreparation\":\"\",\"Reported\":\"\",\"ClinicalReference\":\"\",\"ServiceClassification\":\"\",\"Methodology\":\"\",\"Collect\":\"\",\"SpecimenPreparation\":\"\",\"SpecimenVolume\":\"\",\"StorageTemperature\":\"\",\"Notes\":\"\",\"Limitation\":\"\",\"BranchIdList\":\",1,106,49,117,118,120,121,122,123,124,125,126,127,128,119,\",\"ServiceImage1\":\"\",\"ServiceImage2\":\"\",\"ServiceDescription\":\"\",\"__v\":0}}","timestamp":"2024-01-11T12:40:30.010Z"}
{"level":"info","message":"[REQUEST] POST /login {\"username\":\"Sohan\",\"password\":\"Sohan@200010\"}\n[RESPONSE] 401 {\"success\":false,\"message\":\"user not found\"}","timestamp":"2024-01-12T11:10:25.974Z"}
{"level":"info","message":"[REQUEST] POST /login {\"username\":\"Sohan\",\"password\":\"Sohan@200010\"}\n[RESPONSE] 401 {\"success\":false,\"message\":\"user not found\"}","timestamp":"2024-01-12T11:10:26.048Z"}
{"level":"info","message":"[REQUEST] POST /login {\"username\":\"Sohan\",\"password\":\"Sohan@200010\"}\n[RESPONSE] 401 {\"success\":false,\"message\":\"user not found\"}","timestamp":"2024-01-12T11:10:26.053Z"}
{"level":"info","message":"[REQUEST] POST /login {\"username\":\"Sohan\",\"password\":\"Sohan@200010\"}\n[RESPONSE] 401 {\"success\":false,\"message\":\"user not found\"}","timestamp":"2024-01-12T11:10:26.056Z"}
{"level":"info","message":"[REQUEST] POST /login {\"username\":\"Sohan\",\"password\":\"Sohan@10\"}\n[RESPONSE] 401 {\"success\":false,\"message\":\"user not found\"}","timestamp":"2024-01-12T11:10:44.340Z"}
{"level":"info","message":"[REQUEST] POST /login {\"username\":\"abcd\",\"password\":\"abcd@1234\"}\n[RESPONSE] 200 {\"success\":true,\"token\":\"eyJhbGciOiJIUzI1NiIsInR5cCI6IkpXVCJ9.eyJpZCI6IjY1OWU1YzQ5NTE3ZjQ0ODM2ZTA3N2I3MiIsInVzZXJuYW1lIjoiYWJjZCIsImlhdCI6MTcwNTA1ODAxNSwiZXhwIjoxNzA1MDYxNjE1fQ._XjL4fc7ybgBkuUzt8PfDIs6IYqa1cAosz5OuSrfYTE\",\"message\":\"Login successful\"}","timestamp":"2024-01-12T11:13:37.039Z"}
{"level":"info","message":"[REQUEST] POST /login {\"username\":\"abcd\",\"password\":\"abcd@1234\"}\n[RESPONSE] 200 {\"success\":true,\"token\":\"eyJhbGciOiJIUzI1NiIsInR5cCI6IkpXVCJ9.eyJpZCI6IjY1OWU1YzQ5NTE3ZjQ0ODM2ZTA3N2I3MiIsInVzZXJuYW1lIjoiYWJjZCIsImlhdCI6MTcwNTA1ODAxNywiZXhwIjoxNzA1MDYxNjE3fQ.bagnC8nyZBCxMe7yWNDdqvfD9fvGviuaiNpQ6up4gZY\",\"message\":\"Login successful\"}","timestamp":"2024-01-12T11:13:37.088Z"}
{"level":"info","message":"[REQUEST] GET /profile {}\n[RESPONSE] 200 {\"username\":\"abcd\",\"email\":\"abcd@gmail.com\"}","timestamp":"2024-01-12T11:13:40.194Z"}
{"level":"info","message":"[REQUEST] GET /profile {}\n[RESPONSE] 200 {\"username\":\"abcd\",\"email\":\"abcd@gmail.com\"}","timestamp":"2024-01-12T11:13:40.248Z"}
{"level":"info","message":"[REQUEST] POST /register {\"username\":\"test25\",\"email\":\"test25@gmail.com\",\"password\":\"test@25\"}\n[RESPONSE] 200 {\"username\":\"test25\",\"email\":\"test25@gmail.com\",\"password\":\"$2b$10$B7tI4YIibxJOTsSB5kxHIOHB/y/woBfn4pKA5DfgqHyzkbHm5HV.q\",\"_id\":\"65a26e7c17240bc3ee1f9a53\",\"__v\":0}","timestamp":"2024-01-13T11:05:33.750Z"}
{"level":"info","message":"[REQUEST] POST /register {\"username\":\"test25\",\"email\":\"test25@gmail.com\",\"password\":\"test@25\"}\n[RESPONSE] 500 {\"status\":false,\"message\":\"Internal Server Error\"}","timestamp":"2024-01-13T11:35:18.383Z"}
{"level":"info","message":"[REQUEST] POST /login {\"username\":\"test25\",\"password\":\"test@25\"}\n[RESPONSE] 200 {\"success\":true,\"token\":\"eyJhbGciOiJIUzI1NiIsInR5cCI6IkpXVCJ9.eyJpZCI6IjY1YTI2ZTdjMTcyNDBiYzNlZTFmOWE1MyIsInVzZXJuYW1lIjoidGVzdDI1IiwiaWF0IjoxNzA1MTQ1ODU4LCJleHAiOjE3MDUxNDk0NTh9.hSTcQATSV-41iBb6J8mLtJlq7-5T2GjDlY_g_vPfj9w\",\"message\":\"Login successful\"}","timestamp":"2024-01-13T11:37:38.984Z"}
{"level":"info","message":"[REQUEST] GET /profile {}\n[RESPONSE] 200 {\"username\":\"test25\",\"email\":\"test25@gmail.com\"}","timestamp":"2024-01-13T11:37:39.746Z"}
{"level":"info","message":"[REQUEST] GET /profile {}\n[RESPONSE] 200 {\"username\":\"test25\",\"email\":\"test25@gmail.com\"}","timestamp":"2024-01-13T11:37:39.751Z"}
{"level":"info","message":"[REQUEST] GET /profile {}\n[RESPONSE] 304","timestamp":"2024-01-13T11:39:05.197Z"}
{"level":"info","message":"[REQUEST] GET /profile {}\n[RESPONSE] 200 {\"username\":\"test25\",\"email\":\"test25@gmail.com\"}","timestamp":"2024-01-13T11:39:05.223Z"}
{"level":"info","message":"[REQUEST] GET /profile {}\n[RESPONSE] 304","timestamp":"2024-01-13T11:39:11.636Z"}
{"level":"info","message":"[REQUEST] GET /profile {}\n[RESPONSE] 200 {\"username\":\"test25\",\"email\":\"test25@gmail.com\"}","timestamp":"2024-01-13T11:39:11.656Z"}
{"level":"info","message":"[REQUEST] GET /profile {}\n[RESPONSE] 304","timestamp":"2024-01-13T11:40:45.943Z"}
{"level":"info","message":"[REQUEST] GET /profile {}\n[RESPONSE] 200 {\"username\":\"test25\",\"email\":\"test25@gmail.com\"}","timestamp":"2024-01-13T11:40:45.996Z"}
{"level":"info","message":"[REQUEST] GET /profile {}\n[RESPONSE] 304","timestamp":"2024-01-13T11:41:43.289Z"}
{"level":"info","message":"[REQUEST] GET /profile {}\n[RESPONSE] 200 {\"username\":\"test25\",\"email\":\"test25@gmail.com\"}","timestamp":"2024-01-13T11:41:43.297Z"}
{"level":"info","message":"[REQUEST] GET /profile {}\n[RESPONSE] 304","timestamp":"2024-01-13T11:41:55.946Z"}
{"level":"info","message":"[REQUEST] GET /profile {}\n[RESPONSE] 200 {\"username\":\"test25\",\"email\":\"test25@gmail.com\"}","timestamp":"2024-01-13T11:41:55.953Z"}
{"level":"info","message":"[REQUEST] GET /profile {}\n[RESPONSE] 304","timestamp":"2024-01-13T11:41:58.110Z"}
{"level":"info","message":"[REQUEST] GET /profile {}\n[RESPONSE] 200 {\"username\":\"test25\",\"email\":\"test25@gmail.com\"}","timestamp":"2024-01-13T11:41:58.119Z"}
{"level":"info","message":"[REQUEST] POST /login {\"username\":\"test25\",\"password\":\"test@25\"}\n[RESPONSE] 200 {\"success\":true,\"token\":\"eyJhbGciOiJIUzI1NiIsInR5cCI6IkpXVCJ9.eyJpZCI6IjY1YTI2ZTdjMTcyNDBiYzNlZTFmOWE1MyIsInVzZXJuYW1lIjoidGVzdDI1IiwiaWF0IjoxNzA1MTQ2MTg2LCJleHAiOjE3MDUxNDk3ODZ9.Zn8OjOy1Hh40bAwr3OV-tj7deUBafxFPAvKSVd6t_eI\",\"message\":\"Login successful\"}","timestamp":"2024-01-13T11:43:06.328Z"}
{"level":"info","message":"[REQUEST] GET /profile {}\n[RESPONSE] 304","timestamp":"2024-01-13T11:43:06.410Z"}
{"level":"info","message":"[REQUEST] GET /profile {}\n[RESPONSE] 200 {\"username\":\"test25\",\"email\":\"test25@gmail.com\"}","timestamp":"2024-01-13T11:43:06.441Z"}
{"level":"info","message":"[REQUEST] GET /profile {}\n[RESPONSE] 304","timestamp":"2024-01-13T11:57:50.990Z"}
{"level":"info","message":"[REQUEST] GET /profile {}\n[RESPONSE] 200 {\"username\":\"test25\",\"email\":\"test25@gmail.com\"}","timestamp":"2024-01-13T11:57:51.002Z"}
{"level":"info","message":"[REQUEST] POST /logout {}\n[RESPONSE] 500 {\"status\":false,\"message\":\"Internal Server Error\"}","timestamp":"2024-01-13T11:57:53.234Z"}
{"level":"info","message":"[REQUEST] GET /profile {}\n[RESPONSE] 304","timestamp":"2024-01-13T12:02:37.580Z"}
{"level":"info","message":"[REQUEST] GET /profile {}\n[RESPONSE] 304","timestamp":"2024-01-13T12:02:43.342Z"}
{"level":"info","message":"[REQUEST] GET /profile {}\n[RESPONSE] 304","timestamp":"2024-01-13T12:02:48.660Z"}
{"level":"info","message":"[REQUEST] GET /profile {}\n[RESPONSE] 304","timestamp":"2024-01-13T12:03:00.011Z"}
{"level":"info","message":"[REQUEST] POST /login {\"username\":\"test25\",\"password\":\"test@25\"}\n[RESPONSE] 200 {\"success\":true,\"token\":\"eyJhbGciOiJIUzI1NiIsInR5cCI6IkpXVCJ9.eyJpZCI6IjY1YTI2ZTdjMTcyNDBiYzNlZTFmOWE1MyIsInVzZXJuYW1lIjoidGVzdDI1IiwiaWF0IjoxNzA1MTQ3NDA4LCJleHAiOjE3MDUxNTEwMDh9.I-O-cjwJ5tncooyFVc8RrqxHjLMgmBAtjLPtlALoqMk\",\"message\":\"Login successful\"}","timestamp":"2024-01-13T12:03:28.592Z"}
{"level":"info","message":"[REQUEST] GET /profile {}\n[RESPONSE] 304","timestamp":"2024-01-13T12:03:28.661Z"}
{"level":"info","message":"[REQUEST] GET /profile {}\n[RESPONSE] 200 {\"username\":\"test25\",\"email\":\"test25@gmail.com\"}","timestamp":"2024-01-13T12:03:28.675Z"}
{"level":"info","message":"[REQUEST] POST /logout {}\n[RESPONSE] 500 {\"status\":false,\"message\":\"Internal Server Error\"}","timestamp":"2024-01-13T12:03:46.127Z"}
{"level":"info","message":"[REQUEST] GET /profile {}\n[RESPONSE] 304","timestamp":"2024-01-13T12:04:00.468Z"}
{"level":"info","message":"[REQUEST] GET /profile {}\n[RESPONSE] 200 {\"username\":\"test25\",\"email\":\"test25@gmail.com\",\"userId\":\"65a26e7c17240bc3ee1f9a53\"}","timestamp":"2024-01-13T12:10:03.145Z"}
{"level":"info","message":"[REQUEST] GET /profile {}\n[RESPONSE] 304","timestamp":"2024-01-13T12:10:16.967Z"}
{"level":"info","message":"[REQUEST] GET /profile {}\n[RESPONSE] 304","timestamp":"2024-01-13T12:10:25.773Z"}
{"level":"info","message":"[REQUEST] GET /profile {}\n[RESPONSE] 304","timestamp":"2024-01-13T12:10:29.372Z"}
{"level":"info","message":"[REQUEST] GET /profile {}\n[RESPONSE] 200 {\"username\":\"test25\",\"email\":\"test25@gmail.com\",\"userId\":\"65a26e7c17240bc3ee1f9a53\"}","timestamp":"2024-01-13T12:10:29.385Z"}
{"level":"info","message":"[REQUEST] POST /login {\"username\":\"test25\",\"password\":\"test@25\"}\n[RESPONSE] 200 {\"success\":true,\"token\":\"eyJhbGciOiJIUzI1NiIsInR5cCI6IkpXVCJ9.eyJpZCI6IjY1YTI2ZTdjMTcyNDBiYzNlZTFmOWE1MyIsInVzZXJuYW1lIjoidGVzdDI1IiwiaWF0IjoxNzA1MTQ3ODQ4LCJleHAiOjE3MDUxNTE0NDh9.1PvBnVcT9yMGsia9b5n73L-SvvTeaIgYWN-NohQ98Mc\",\"message\":\"Login successful\"}","timestamp":"2024-01-13T12:10:48.842Z"}
{"level":"info","message":"[REQUEST] GET /profile {}\n[RESPONSE] 304","timestamp":"2024-01-13T12:10:48.917Z"}
{"level":"info","message":"[REQUEST] GET /profile {}\n[RESPONSE] 200 {\"username\":\"test25\",\"email\":\"test25@gmail.com\",\"userId\":\"65a26e7c17240bc3ee1f9a53\"}","timestamp":"2024-01-13T12:10:48.922Z"}
{"level":"info","message":"[REQUEST] POST /logout {}\n[RESPONSE] 500 {\"status\":false,\"message\":\"Internal Server Error\"}","timestamp":"2024-01-13T12:10:58.783Z"}
{"level":"info","message":"[REQUEST] GET /profile {}\n[RESPONSE] 304","timestamp":"2024-01-13T12:11:26.976Z"}
{"level":"info","message":"[REQUEST] GET /profile {}\n[RESPONSE] 304","timestamp":"2024-01-13T12:11:30.047Z"}
{"level":"info","message":"[REQUEST] GET /profile {}\n[RESPONSE] 304","timestamp":"2024-01-13T12:11:32.860Z"}
{"level":"info","message":"[REQUEST] POST /logout {}\n[RESPONSE] 500 {\"status\":false,\"message\":\"Internal Server Error\"}","timestamp":"2024-01-13T12:12:29.532Z"}
{"level":"info","message":"[REQUEST] GET /profile {}\n[RESPONSE] 304","timestamp":"2024-01-13T12:16:48.217Z"}
{"level":"info","message":"[REQUEST] GET /profile {}\n[RESPONSE] 304","timestamp":"2024-01-13T12:16:53.472Z"}
{"level":"info","message":"[REQUEST] GET /profile {}\n[RESPONSE] 304","timestamp":"2024-01-13T12:18:51.535Z"}
{"level":"info","message":"[REQUEST] GET /profile {}\n[RESPONSE] 304","timestamp":"2024-01-13T12:20:05.728Z"}
{"level":"info","message":"[REQUEST] GET /profile {}\n[RESPONSE] 304","timestamp":"2024-01-13T12:20:34.224Z"}
{"level":"info","message":"[REQUEST] GET /profile {}\n[RESPONSE] 304","timestamp":"2024-01-13T12:20:44.237Z"}
{"level":"info","message":"[REQUEST] GET /profile {}\n[RESPONSE] 200 {\"username\":\"test25\",\"email\":\"test25@gmail.com\",\"userId\":\"65a26e7c17240bc3ee1f9a53\"}","timestamp":"2024-01-13T12:20:44.241Z"}
{"level":"info","message":"[REQUEST] POST /logout {\"userId\":\"65a26e7c17240bc3ee1f9a53\"}\n[RESPONSE] 200 {\"success\":true,\"message\":\"Logout Sucessfully\"}","timestamp":"2024-01-13T12:20:46.541Z"}
{"level":"info","message":"[REQUEST] POST /login {\"username\":\"test25\",\"password\":\"test@25\"}\n[RESPONSE] 200 {\"success\":true,\"token\":\"eyJhbGciOiJIUzI1NiIsInR5cCI6IkpXVCJ9.eyJpZCI6IjY1YTI2ZTdjMTcyNDBiYzNlZTFmOWE1MyIsInVzZXJuYW1lIjoidGVzdDI1IiwiaWF0IjoxNzA1MTQ4NDczLCJleHAiOjE3MDUxNTIwNzN9.GyOjyj_Hyaz6Ep0Xv2BH4cInuP-486_gVC7m3fVZhTw\",\"message\":\"Login successful\"}","timestamp":"2024-01-13T12:21:13.646Z"}
{"level":"info","message":"[REQUEST] GET /profile {}\n[RESPONSE] 200 {\"username\":\"test25\",\"email\":\"test25@gmail.com\",\"userId\":\"65a26e7c17240bc3ee1f9a53\"}","timestamp":"2024-01-13T12:21:13.754Z"}
{"level":"info","message":"[REQUEST] GET /profile {}\n[RESPONSE] 304","timestamp":"2024-01-13T12:21:13.757Z"}
{"level":"info","message":"[REQUEST] POST /logout {\"userId\":\"65a26e7c17240bc3ee1f9a53\"}\n[RESPONSE] 200 {\"success\":true,\"message\":\"Logout Sucessfully\"}","timestamp":"2024-01-13T12:21:20.383Z"}
{"level":"info","message":"[REQUEST] POST /login {\"username\":\"test25\",\"password\":\"test@25\"}\n[RESPONSE] 200 {\"success\":true,\"token\":\"eyJhbGciOiJIUzI1NiIsInR5cCI6IkpXVCJ9.eyJpZCI6IjY1YTI2ZTdjMTcyNDBiYzNlZTFmOWE1MyIsInVzZXJuYW1lIjoidGVzdDI1IiwiaWF0IjoxNzA1MTU4NDE4LCJleHAiOjE3MDUxNjIwMTh9.-_pU-ZhFXmLbEQWcLVDh-dYVCFdqj1WlQNPaIk-JAYg\",\"message\":\"Login successful\"}","timestamp":"2024-01-13T15:06:59.018Z"}
{"level":"info","message":"[REQUEST] GET /profile {}\n[RESPONSE] 304","timestamp":"2024-01-13T15:06:59.116Z"}
{"level":"info","message":"[REQUEST] GET /profile {}\n[RESPONSE] 200 {\"username\":\"test25\",\"email\":\"test25@gmail.com\",\"userId\":\"65a26e7c17240bc3ee1f9a53\"}","timestamp":"2024-01-13T15:06:59.160Z"}
{"level":"info","message":"[REQUEST] GET /profile {}\n[RESPONSE] 304","timestamp":"2024-01-13T15:07:46.666Z"}
{"level":"info","message":"[REQUEST] GET /profile {}\n[RESPONSE] 200 {\"username\":\"test25\",\"email\":\"test25@gmail.com\",\"userId\":\"65a26e7c17240bc3ee1f9a53\"}","timestamp":"2024-01-13T15:07:46.754Z"}
{"level":"info","message":"[REQUEST] GET /profile {}\n[RESPONSE] 304","timestamp":"2024-01-13T15:09:52.977Z"}
{"level":"info","message":"[REQUEST] GET /profile {}\n[RESPONSE] 304","timestamp":"2024-01-13T15:10:07.498Z"}
{"level":"info","message":"[REQUEST] GET /profile {}\n[RESPONSE] 304","timestamp":"2024-01-13T15:10:10.386Z"}
{"level":"info","message":"[REQUEST] GET /profile {}\n[RESPONSE] 304","timestamp":"2024-01-13T15:10:19.065Z"}
{"level":"info","message":"[REQUEST] GET /profile {}\n[RESPONSE] 304","timestamp":"2024-01-13T15:10:21.074Z"}
{"level":"info","message":"[REQUEST] GET /profile {}\n[RESPONSE] 304","timestamp":"2024-01-13T15:11:11.958Z"}
{"level":"info","message":"[REQUEST] GET /profile {}\n[RESPONSE] 304","timestamp":"2024-01-13T15:20:19.887Z"}
{"level":"info","message":"[REQUEST] GET /profile {}\n[RESPONSE] 200 {\"username\":\"test25\",\"email\":\"test25@gmail.com\",\"userId\":\"65a26e7c17240bc3ee1f9a53\"}","timestamp":"2024-01-13T15:20:19.899Z"}
{"level":"info","message":"[REQUEST] GET /profile {}\n[RESPONSE] 304","timestamp":"2024-01-13T15:21:59.651Z"}
{"level":"info","message":"[REQUEST] GET /profile {}\n[RESPONSE] 304","timestamp":"2024-01-13T15:22:08.840Z"}
{"level":"info","message":"[REQUEST] GET /profile {}\n[RESPONSE] 200 {\"username\":\"test25\",\"email\":\"test25@gmail.com\",\"userId\":\"65a26e7c17240bc3ee1f9a53\"}","timestamp":"2024-01-13T15:22:08.849Z"}
{"level":"info","message":"[REQUEST] GET /profile {}\n[RESPONSE] 304","timestamp":"2024-01-13T15:22:28.238Z"}
{"level":"info","message":"[REQUEST] GET /profile {}\n[RESPONSE] 304","timestamp":"2024-01-13T15:22:33.549Z"}
{"level":"info","message":"[REQUEST] GET /profile {}\n[RESPONSE] 304","timestamp":"2024-01-13T15:23:40.618Z"}
{"level":"info","message":"[REQUEST] GET /profile {}\n[RESPONSE] 304","timestamp":"2024-01-13T15:23:44.286Z"}
{"level":"info","message":"[REQUEST] GET /profile {}\n[RESPONSE] 304","timestamp":"2024-01-13T15:23:44.439Z"}
{"level":"info","message":"[REQUEST] GET /profile {}\n[RESPONSE] 304","timestamp":"2024-01-13T15:24:06.219Z"}
{"level":"info","message":"[REQUEST] GET /profile {}\n[RESPONSE] 304","timestamp":"2024-01-13T15:24:10.033Z"}
{"level":"info","message":"[REQUEST] GET /profile {}\n[RESPONSE] 200 {\"username\":\"test25\",\"email\":\"test25@gmail.com\",\"userId\":\"65a26e7c17240bc3ee1f9a53\"}","timestamp":"2024-01-13T15:24:10.042Z"}
{"level":"info","message":"[REQUEST] GET /profile {}\n[RESPONSE] 304","timestamp":"2024-01-13T15:24:27.613Z"}
{"level":"info","message":"[REQUEST] GET /profile {}\n[RESPONSE] 304","timestamp":"2024-01-13T15:24:29.319Z"}
{"level":"info","message":"[REQUEST] GET /profile {}\n[RESPONSE] 304","timestamp":"2024-01-13T15:24:32.395Z"}
{"level":"info","message":"[REQUEST] GET /profile {}\n[RESPONSE] 304","timestamp":"2024-01-13T15:24:35.034Z"}
{"level":"info","message":"[REQUEST] GET /profile {}\n[RESPONSE] 304","timestamp":"2024-01-13T15:24:38.419Z"}
{"level":"info","message":"[REQUEST] GET /profile {}\n[RESPONSE] 304","timestamp":"2024-01-13T15:24:43.126Z"}
{"level":"info","message":"[REQUEST] GET /profile {}\n[RESPONSE] 200 {\"username\":\"test25\",\"email\":\"test25@gmail.com\",\"userId\":\"65a26e7c17240bc3ee1f9a53\"}","timestamp":"2024-01-13T15:24:43.130Z"}
{"level":"info","message":"[REQUEST] GET /profile {}\n[RESPONSE] 304","timestamp":"2024-01-13T15:24:53.780Z"}
{"level":"info","message":"[REQUEST] GET /profile {}\n[RESPONSE] 304","timestamp":"2024-01-13T15:25:34.320Z"}
{"level":"info","message":"[REQUEST] GET /profile {}\n[RESPONSE] 200 {\"username\":\"test25\",\"email\":\"test25@gmail.com\",\"userId\":\"65a26e7c17240bc3ee1f9a53\"}","timestamp":"2024-01-13T15:25:34.347Z"}
{"level":"info","message":"[REQUEST] GET /profile {}\n[RESPONSE] 200 {\"username\":\"test25\",\"email\":\"test25@gmail.com\",\"userId\":\"65a26e7c17240bc3ee1f9a53\"}","timestamp":"2024-01-13T15:25:59.615Z"}
{"level":"info","message":"[REQUEST] GET /profile {}\n[RESPONSE] 304","timestamp":"2024-01-13T15:25:59.620Z"}
{"level":"info","message":"[REQUEST] GET /profile {}\n[RESPONSE] 304","timestamp":"2024-01-13T15:26:15.295Z"}
{"level":"info","message":"[REQUEST] GET /profile {}\n[RESPONSE] 200 {\"username\":\"test25\",\"email\":\"test25@gmail.com\",\"userId\":\"65a26e7c17240bc3ee1f9a53\"}","timestamp":"2024-01-13T15:26:15.300Z"}
{"level":"info","message":"[REQUEST] GET /profile {}\n[RESPONSE] 304","timestamp":"2024-01-13T15:26:30.740Z"}
{"level":"info","message":"[REQUEST] GET /profile {}\n[RESPONSE] 304","timestamp":"2024-01-13T15:26:40.186Z"}
{"level":"info","message":"[REQUEST] GET /profile {}\n[RESPONSE] 304","timestamp":"2024-01-13T15:26:45.411Z"}
{"level":"info","message":"[REQUEST] GET /profile {}\n[RESPONSE] 200 {\"username\":\"test25\",\"email\":\"test25@gmail.com\",\"userId\":\"65a26e7c17240bc3ee1f9a53\"}","timestamp":"2024-01-13T15:26:45.423Z"}
{"level":"info","message":"[REQUEST] GET /profile {}\n[RESPONSE] 304","timestamp":"2024-01-13T15:26:53.241Z"}
{"level":"info","message":"[REQUEST] GET /profile {}\n[RESPONSE] 304","timestamp":"2024-01-13T15:27:22.413Z"}
{"level":"info","message":"[REQUEST] GET /profile {}\n[RESPONSE] 304","timestamp":"2024-01-13T15:27:24.326Z"}
{"level":"info","message":"[REQUEST] GET /profile {}\n[RESPONSE] 304","timestamp":"2024-01-13T15:27:28.887Z"}
{"level":"info","message":"[REQUEST] GET /profile {}\n[RESPONSE] 304","timestamp":"2024-01-13T15:27:31.988Z"}
{"level":"info","message":"[REQUEST] GET /profile {}\n[RESPONSE] 304","timestamp":"2024-01-13T15:27:40.841Z"}
{"level":"info","message":"[REQUEST] GET /profile {}\n[RESPONSE] 304","timestamp":"2024-01-13T15:27:58.747Z"}
{"level":"info","message":"[REQUEST] GET /profile {}\n[RESPONSE] 200 {\"username\":\"test25\",\"email\":\"test25@gmail.com\",\"userId\":\"65a26e7c17240bc3ee1f9a53\"}","timestamp":"2024-01-13T15:27:58.765Z"}
{"level":"info","message":"[REQUEST] GET /profile {}\n[RESPONSE] 304","timestamp":"2024-01-13T15:28:12.850Z"}
{"level":"info","message":"[REQUEST] GET /profile {}\n[RESPONSE] 304","timestamp":"2024-01-13T15:28:18.593Z"}
{"level":"info","message":"[REQUEST] GET /profile {}\n[RESPONSE] 200 {\"username\":\"test25\",\"email\":\"test25@gmail.com\",\"userId\":\"65a26e7c17240bc3ee1f9a53\"}","timestamp":"2024-01-13T15:28:18.598Z"}
{"level":"info","message":"[REQUEST] GET /profile {}\n[RESPONSE] 304","timestamp":"2024-01-13T15:28:54.696Z"}
{"level":"info","message":"[REQUEST] GET /profile {}\n[RESPONSE] 200 {\"username\":\"test25\",\"email\":\"test25@gmail.com\",\"userId\":\"65a26e7c17240bc3ee1f9a53\"}","timestamp":"2024-01-13T15:28:54.896Z"}
{"level":"info","message":"[REQUEST] GET /profile {}\n[RESPONSE] 304","timestamp":"2024-01-13T15:29:04.028Z"}
{"level":"info","message":"[REQUEST] GET /profile {}\n[RESPONSE] 304","timestamp":"2024-01-13T15:29:04.128Z"}
{"level":"info","message":"[REQUEST] GET /profile {}\n[RESPONSE] 304","timestamp":"2024-01-13T15:30:56.184Z"}
{"level":"info","message":"[REQUEST] GET /profile {}\n[RESPONSE] 304","timestamp":"2024-01-13T15:33:39.101Z"}
{"level":"info","message":"[REQUEST] GET /profile {}\n[RESPONSE] 304","timestamp":"2024-01-13T15:38:19.395Z"}
{"level":"info","message":"[REQUEST] GET /profile {}\n[RESPONSE] 200 {\"username\":\"test25\",\"email\":\"test25@gmail.com\",\"userId\":\"65a26e7c17240bc3ee1f9a53\"}","timestamp":"2024-01-13T15:38:19.412Z"}
{"level":"info","message":"[REQUEST] GET /profile {}\n[RESPONSE] 304","timestamp":"2024-01-13T15:38:35.935Z"}
{"level":"info","message":"[REQUEST] GET /profile {}\n[RESPONSE] 304","timestamp":"2024-01-13T15:39:18.695Z"}
{"level":"info","message":"[REQUEST] GET /profile {}\n[RESPONSE] 200 {\"username\":\"test25\",\"email\":\"test25@gmail.com\",\"userId\":\"65a26e7c17240bc3ee1f9a53\"}","timestamp":"2024-01-13T15:39:19.611Z"}
{"level":"info","message":"[REQUEST] GET /profile {}\n[RESPONSE] 304","timestamp":"2024-01-13T15:39:51.958Z"}
{"level":"info","message":"[REQUEST] GET /profile {}\n[RESPONSE] 200 {\"username\":\"test25\",\"email\":\"test25@gmail.com\",\"userId\":\"65a26e7c17240bc3ee1f9a53\"}","timestamp":"2024-01-13T15:39:51.976Z"}
{"level":"info","message":"[REQUEST] GET /profile {}\n[RESPONSE] 304","timestamp":"2024-01-13T15:39:55.758Z"}
{"level":"info","message":"[REQUEST] GET /profile {}\n[RESPONSE] 200 {\"username\":\"test25\",\"email\":\"test25@gmail.com\",\"userId\":\"65a26e7c17240bc3ee1f9a53\"}","timestamp":"2024-01-13T15:39:55.769Z"}
{"level":"info","message":"[REQUEST] GET /profile {}\n[RESPONSE] 304","timestamp":"2024-01-13T15:40:31.677Z"}
{"level":"info","message":"[REQUEST] GET /profile {}\n[RESPONSE] 200 {\"username\":\"test25\",\"email\":\"test25@gmail.com\",\"userId\":\"65a26e7c17240bc3ee1f9a53\"}","timestamp":"2024-01-13T15:40:31.692Z"}
{"level":"info","message":"[REQUEST] GET /profile {}\n[RESPONSE] 304","timestamp":"2024-01-13T15:44:31.336Z"}
{"level":"info","message":"[REQUEST] GET /profile {}\n[RESPONSE] 200 {\"username\":\"test25\",\"email\":\"test25@gmail.com\",\"userId\":\"65a26e7c17240bc3ee1f9a53\"}","timestamp":"2024-01-13T15:44:31.395Z"}
{"level":"info","message":"[REQUEST] GET /profile {}\n[RESPONSE] 304","timestamp":"2024-01-13T15:46:31.422Z"}
{"level":"info","message":"[REQUEST] GET /profile {}\n[RESPONSE] 200 {\"username\":\"test25\",\"email\":\"test25@gmail.com\",\"userId\":\"65a26e7c17240bc3ee1f9a53\"}","timestamp":"2024-01-13T15:46:31.425Z"}
{"level":"info","message":"[REQUEST] GET /profile {}\n[RESPONSE] 304","timestamp":"2024-01-13T15:47:49.876Z"}
{"level":"info","message":"[REQUEST] GET /profile {}\n[RESPONSE] 200 {\"username\":\"test25\",\"email\":\"test25@gmail.com\",\"userId\":\"65a26e7c17240bc3ee1f9a53\"}","timestamp":"2024-01-13T15:47:49.879Z"}
{"level":"info","message":"[REQUEST] GET /profile {}\n[RESPONSE] 304","timestamp":"2024-01-13T15:49:57.360Z"}
{"level":"info","message":"[REQUEST] GET /profile {}\n[RESPONSE] 200 {\"username\":\"test25\",\"email\":\"test25@gmail.com\",\"userId\":\"65a26e7c17240bc3ee1f9a53\"}","timestamp":"2024-01-13T15:49:57.398Z"}
{"level":"info","message":"[REQUEST] GET /profile {}\n[RESPONSE] 304","timestamp":"2024-01-13T15:51:00.973Z"}
{"level":"info","message":"[REQUEST] GET /profile {}\n[RESPONSE] 200 {\"username\":\"test25\",\"email\":\"test25@gmail.com\",\"userId\":\"65a26e7c17240bc3ee1f9a53\"}","timestamp":"2024-01-13T15:51:01.010Z"}
{"level":"info","message":"[REQUEST] GET /profile {}\n[RESPONSE] 304","timestamp":"2024-01-13T15:51:22.747Z"}
{"level":"info","message":"[REQUEST] GET /profile {}\n[RESPONSE] 200 {\"username\":\"test25\",\"email\":\"test25@gmail.com\",\"userId\":\"65a26e7c17240bc3ee1f9a53\"}","timestamp":"2024-01-13T15:51:22.833Z"}
{"level":"info","message":"[REQUEST] GET /profile {}\n[RESPONSE] 304","timestamp":"2024-01-13T15:51:53.405Z"}
{"level":"info","message":"[REQUEST] GET /profile {}\n[RESPONSE] 200 {\"username\":\"test25\",\"email\":\"test25@gmail.com\",\"userId\":\"65a26e7c17240bc3ee1f9a53\"}","timestamp":"2024-01-13T15:51:53.419Z"}
{"level":"info","message":"[REQUEST] GET /profile {}\n[RESPONSE] 304","timestamp":"2024-01-13T15:52:15.590Z"}
{"level":"info","message":"[REQUEST] GET /profile {}\n[RESPONSE] 200 {\"username\":\"test25\",\"email\":\"test25@gmail.com\",\"userId\":\"65a26e7c17240bc3ee1f9a53\"}","timestamp":"2024-01-13T15:52:15.600Z"}
{"level":"info","message":"[REQUEST] GET /profile {}\n[RESPONSE] 304","timestamp":"2024-01-13T15:52:54.749Z"}
{"level":"info","message":"[REQUEST] GET /profile {}\n[RESPONSE] 304","timestamp":"2024-01-13T15:52:57.026Z"}
{"level":"info","message":"[REQUEST] GET /profile {}\n[RESPONSE] 304","timestamp":"2024-01-13T15:53:02.172Z"}
{"level":"info","message":"[REQUEST] GET /profile {}\n[RESPONSE] 401 {\"error\":\"Unauthorized: Token has expired\"}","timestamp":"2024-01-13T17:31:18.017Z"}
{"level":"info","message":"[REQUEST] GET /profile {}\n[RESPONSE] 401 {\"error\":\"Unauthorized: Token has expired\"}","timestamp":"2024-01-13T17:31:25.503Z"}
{"level":"info","message":"[REQUEST] GET /profile {}\n[RESPONSE] 401 {\"error\":\"Unauthorized: Token has expired\"}","timestamp":"2024-01-13T17:31:29.622Z"}
{"level":"info","message":"[REQUEST] GET /profile {}\n[RESPONSE] 401 {\"error\":\"Unauthorized: Token has expired\"}","timestamp":"2024-01-13T17:31:30.932Z"}
{"level":"info","message":"[REQUEST] GET /profile {}\n[RESPONSE] 401 {\"error\":\"Unauthorized: Token has expired\"}","timestamp":"2024-01-13T17:31:34.750Z"}
{"level":"info","message":"[REQUEST] GET /profile {}\n[RESPONSE] 401 {\"error\":\"Unauthorized: Token has expired\"}","timestamp":"2024-01-13T17:31:54.917Z"}
